Flow report for Homework2_CRC
Thu Feb 07 14:42:03 2019
Quartus Prime Version 16.1.0 Build 196 10/24/2016 SJ Lite Edition


---------------------
; Table of Contents ;
---------------------
  1. Legal Notice
  2. Flow Summary
  3. Flow Settings
  4. Flow Non-Default Global Settings
  5. Flow Elapsed Time
  6. Flow OS Summary
  7. Flow Log
  8. Flow Messages
  9. Flow Suppressed Messages



----------------
; Legal Notice ;
----------------
Copyright (C) 2016  Intel Corporation. All rights reserved.
Your use of Intel Corporation's design tools, logic functions 
and other software and tools, and its AMPP partner logic 
functions, and any output files from any of the foregoing 
(including device programming or simulation files), and any 
associated documentation or information are expressly subject 
to the terms and conditions of the Intel Program License 
Subscription Agreement, the Intel Quartus Prime License Agreement,
the Intel MegaCore Function License Agreement, or other 
applicable license agreement, including, without limitation, 
that your use is for the sole purpose of programming logic 
devices manufactured by Intel and sold by Intel or its 
authorized distributors.  Please refer to the applicable 
agreement for further details.



+----------------------------------------------------------------------------------+
; Flow Summary                                                                     ;
+------------------------------------+---------------------------------------------+
; Flow Status                        ; Successful - Thu Feb 07 14:42:03 2019       ;
; Quartus Prime Version              ; 16.1.0 Build 196 10/24/2016 SJ Lite Edition ;
; Revision Name                      ; Homework2_CRC                               ;
; Top-level Entity Name              ; Homework2_CRC_b                             ;
; Family                             ; Cyclone IV E                                ;
; Device                             ; EP4CE22F17C6                                ;
; Timing Models                      ; Final                                       ;
; Total logic elements               ; 22 / 22,320 ( < 1 % )                       ;
;     Total combinational functions  ; 22 / 22,320 ( < 1 % )                       ;
;     Dedicated logic registers      ; 16 / 22,320 ( < 1 % )                       ;
; Total registers                    ; 16                                          ;
; Total pins                         ; 28 / 154 ( 18 % )                           ;
; Total virtual pins                 ; 0                                           ;
; Total memory bits                  ; 0 / 608,256 ( 0 % )                         ;
; Embedded Multiplier 9-bit elements ; 0 / 132 ( 0 % )                             ;
; Total PLLs                         ; 0 / 4 ( 0 % )                               ;
+------------------------------------+---------------------------------------------+


+-----------------------------------------+
; Flow Settings                           ;
+-------------------+---------------------+
; Option            ; Setting             ;
+-------------------+---------------------+
; Start date & time ; 02/07/2019 14:40:57 ;
; Main task         ; Compilation         ;
; Revision Name     ; Homework2_CRC       ;
+-------------------+---------------------+


+---------------------------------------------------------------------------------------------------------------------------------+
; Flow Non-Default Global Settings                                                                                                ;
+-------------------------------------+----------------------------------------+---------------+-----------------+----------------+
; Assignment Name                     ; Value                                  ; Default Value ; Entity Name     ; Section Id     ;
+-------------------------------------+----------------------------------------+---------------+-----------------+----------------+
; COMPILER_SIGNATURE_ID               ; 75489467592879.154956845717352         ; --            ; --              ; --             ;
; EDA_OUTPUT_DATA_FORMAT              ; Verilog Hdl                            ; --            ; --              ; eda_simulation ;
; EDA_SIMULATION_TOOL                 ; ModelSim-Altera (Verilog)              ; <None>        ; --              ; --             ;
; EDA_TIME_SCALE                      ; 1 ps                                   ; --            ; --              ; eda_simulation ;
; MAX_CORE_JUNCTION_TEMP              ; 85                                     ; --            ; --              ; --             ;
; MIN_CORE_JUNCTION_TEMP              ; 0                                      ; --            ; --              ; --             ;
; NOMINAL_CORE_SUPPLY_VOLTAGE         ; 1.2V                                   ; --            ; --              ; --             ;
; PARTITION_COLOR                     ; -- (Not supported for targeted family) ; --            ; Homework2_CRC_b ; Top            ;
; PARTITION_FITTER_PRESERVATION_LEVEL ; -- (Not supported for targeted family) ; --            ; Homework2_CRC_b ; Top            ;
; PARTITION_NETLIST_TYPE              ; -- (Not supported for targeted family) ; --            ; Homework2_CRC_b ; Top            ;
; PROJECT_OUTPUT_DIRECTORY            ; output_files                           ; --            ; --              ; --             ;
; TOP_LEVEL_ENTITY                    ; Homework2_CRC_b                        ; Homework2_CRC ; --              ; --             ;
+-------------------------------------+----------------------------------------+---------------+-----------------+----------------+


+-------------------------------------------------------------------------------------------------------------------------------+
; Flow Elapsed Time                                                                                                             ;
+---------------------------+--------------+-------------------------+---------------------+------------------------------------+
; Module Name               ; Elapsed Time ; Average Processors Used ; Peak Virtual Memory ; Total CPU Time (on all processors) ;
+---------------------------+--------------+-------------------------+---------------------+------------------------------------+
; Analysis & Synthesis      ; 00:00:22     ; 1.0                     ; 4749 MB             ; 00:00:42                           ;
; Fitter                    ; 00:00:25     ; 1.0                     ; 5261 MB             ; 00:00:10                           ;
; Assembler                 ; 00:00:02     ; 1.0                     ; 4689 MB             ; 00:00:01                           ;
; TimeQuest Timing Analyzer ; 00:00:03     ; 1.0                     ; 4771 MB             ; 00:00:02                           ;
; EDA Netlist Writer        ; 00:00:01     ; 1.0                     ; 4654 MB             ; 00:00:01                           ;
; Total                     ; 00:00:53     ; --                      ; --                  ; 00:00:56                           ;
+---------------------------+--------------+-------------------------+---------------------+------------------------------------+


+-----------------------------------------------------------------------------------------+
; Flow OS Summary                                                                         ;
+---------------------------+------------------+------------+------------+----------------+
; Module Name               ; Machine Hostname ; OS Name    ; OS Version ; Processor type ;
+---------------------------+------------------+------------+------------+----------------+
; Analysis & Synthesis      ; Dell-PC          ; Windows 10 ; 10.0       ; x86_64         ;
; Fitter                    ; Dell-PC          ; Windows 10 ; 10.0       ; x86_64         ;
; Assembler                 ; Dell-PC          ; Windows 10 ; 10.0       ; x86_64         ;
; TimeQuest Timing Analyzer ; Dell-PC          ; Windows 10 ; 10.0       ; x86_64         ;
; EDA Netlist Writer        ; Dell-PC          ; Windows 10 ; 10.0       ; x86_64         ;
+---------------------------+------------------+------------+------------+----------------+


------------
; Flow Log ;
------------
quartus_map --read_settings_files=on --write_settings_files=off Homework2_CRC -c Homework2_CRC
quartus_fit --read_settings_files=off --write_settings_files=off Homework2_CRC -c Homework2_CRC
quartus_asm --read_settings_files=off --write_settings_files=off Homework2_CRC -c Homework2_CRC
quartus_sta Homework2_CRC -c Homework2_CRC
quartus_eda --read_settings_files=off --write_settings_files=off Homework2_CRC -c Homework2_CRC



